Traceback (most recent call last):
  File "/home/runner/micromamba/envs/regional-mom6-dev/lib/python3.11/site-packages/jupyter_core/utils/__init__.py", line 154, in wrapped
    asyncio.get_running_loop()
RuntimeError: no running event loop

During handling of the above exception, another exception occurred:

Traceback (most recent call last):
  File "/home/runner/micromamba/envs/regional-mom6-dev/lib/python3.11/site-packages/jupyter_cache/executors/utils.py", line 58, in single_nb_execution
    executenb(
  File "/home/runner/micromamba/envs/regional-mom6-dev/lib/python3.11/site-packages/nbclient/client.py", line 1319, in execute
    return NotebookClient(nb=nb, resources=resources, km=km, **kwargs).execute()
           ^^^^^^^^^^^^^^^^^^^^^^^^^^^^^^^^^^^^^^^^^^^^^^^^^^^^^^^^^^^^^^^^^^^^^
  File "/home/runner/micromamba/envs/regional-mom6-dev/lib/python3.11/site-packages/jupyter_core/utils/__init__.py", line 158, in wrapped
    return loop.run_until_complete(inner)
           ^^^^^^^^^^^^^^^^^^^^^^^^^^^^^^
  File "/home/runner/micromamba/envs/regional-mom6-dev/lib/python3.11/asyncio/base_events.py", line 654, in run_until_complete
    return future.result()
           ^^^^^^^^^^^^^^^
  File "/home/runner/micromamba/envs/regional-mom6-dev/lib/python3.11/site-packages/nbclient/client.py", line 709, in async_execute
    await self.async_execute_cell(
  File "/home/runner/micromamba/envs/regional-mom6-dev/lib/python3.11/site-packages/nbclient/client.py", line 1062, in async_execute_cell
    await self._check_raise_for_error(cell, cell_index, exec_reply)
  File "/home/runner/micromamba/envs/regional-mom6-dev/lib/python3.11/site-packages/nbclient/client.py", line 918, in _check_raise_for_error
    raise CellExecutionError.from_cell_and_msg(cell, exec_reply_content)
nbclient.exceptions.CellExecutionError: An error occurred while executing the following cell:
------------------
nx = 775
ny = 845
# perform regridding
ds_regrid = class_regrid.regrid_regular(nx, ny)
------------------


[31m---------------------------------------------------------------------------[39m
[31mValueError[39m                                Traceback (most recent call last)
[36mCell[39m[36m [39m[32mIn[17][39m[32m, line 4[39m
[32m      2[39m ny = [32m845[39m
[32m      3[39m [38;5;66;03m# perform regridding[39;00m
[32m----> [39m[32m4[39m ds_regrid = [43mclass_regrid[49m[43m.[49m[43mregrid_regular[49m[43m([49m[43mnx[49m[43m,[49m[43m [49m[43mny[49m[43m)[49m

[36mFile [39m[32m~/work/regional_mom6/regional_mom6/mom6/mom6_module/mom6_regrid.py:134[39m, in [36mRegridding.regrid_regular[39m[34m(self, nx, ny)[39m
[32m    126[39m [38;5;250m[39m[33;03m"""regrid the data[39;00m
[32m    127[39m 
[32m    128[39m [33;03mReturns[39;00m
[32m   (...)[39m[32m    131[39m [33;03m    regridded dataset[39;00m
[32m    132[39m [33;03m"""[39;00m
[32m    133[39m [38;5;66;03m# create regular grid[39;00m
[32m--> [39m[32m134[39m ds_regrid = [38;5;28;43mself[39;49m[43m.[49m[43mregular_grid[49m[43m([49m
[32m    135[39m [43m    [49m[43mnx[49m[43m=[49m[43mnx[49m[43m,[49m
[32m    136[39m [43m    [49m[43mny[49m[43m=[49m[43mny[49m
[32m    137[39m [43m[49m[43m)[49m
[32m    139[39m [38;5;66;03m# generate regridder[39;00m
[32m    140[39m regridder = [38;5;28mself[39m.generate_regridder([38;5;28mself[39m.ori_dataset, ds_regrid)

[36mFile [39m[32m~/work/regional_mom6/regional_mom6/mom6/mom6_module/mom6_regrid.py:103[39m, in [36mRegridding.regular_grid[39m[34m(self, nx, ny)[39m
[32m     90[39m [38;5;250m[39m[33;03m"""create a regular grid for regridding[39;00m
[32m     91[39m [33;03m[39;00m
[32m     92[39m [33;03mParameters[39;00m
[32m   (...)[39m[32m    100[39m [33;03m    regular grid dataset[39;00m
[32m    101[39m [33;03m"""[39;00m
[32m    102[39m [38;5;66;03m# Create longitude and latitude arrays (e.g., 1D arrays)[39;00m
[32m--> [39m[32m103[39m x = [43mnp[49m[43m.[49m[43mlinspace[49m[43m([49m
[32m    104[39m [43m    [49m[38;5;28;43mself[39;49m[43m.[49m[43mori_dataset[49m[43m[[49m[33;43m'[39;49m[33;43mlon[39;49m[33;43m'[39;49m[43m][49m[43m.[49m[43mmin[49m[43m([49m[43m)[49m[43m,[49m
[32m    105[39m [43m    [49m[38;5;28;43mself[39;49m[43m.[49m[43mori_dataset[49m[43m[[49m[33;43m'[39;49m[33;43mlon[39;49m[33;43m'[39;49m[43m][49m[43m.[49m[43mmax[49m[43m([49m[43m)[49m[43m,[49m
[32m    106[39m [43m    [49m[43mnx[49m[43m-[49m[32;43m1[39;49m
[32m    107[39m [43m[49m[43m)[49m
[32m    108[39m y = np.linspace(
[32m    109[39m     [38;5;28mself[39m.ori_dataset[[33m'[39m[33mlat[39m[33m'[39m].min(),
[32m    110[39m     [38;5;28mself[39m.ori_dataset[[33m'[39m[33mlat[39m[33m'[39m].max(),
[32m    111[39m     ny-[32m1[39m
[32m    112[39m )
[32m    114[39m [38;5;66;03m# Create a dummy data variable (optional, can be empty)[39;00m

[36mFile [39m[32m~/micromamba/envs/regional-mom6-dev/lib/python3.11/site-packages/numpy/_core/function_base.py:183[39m, in [36mlinspace[39m[34m(start, stop, num, endpoint, retstep, dtype, axis, device)[39m
[32m    180[39m [38;5;28;01mif[39;00m integer_dtype:
[32m    181[39m     _nx.floor(y, out=y)
[32m--> [39m[32m183[39m y = conv.wrap(y.astype(dtype, copy=[38;5;28;01mFalse[39;00m))
[32m    184[39m [38;5;28;01mif[39;00m retstep:
[32m    185[39m     [38;5;28;01mreturn[39;00m y, step

[36mFile [39m[32m~/micromamba/envs/regional-mom6-dev/lib/python3.11/site-packages/xarray/core/dataarray.py:4804[39m, in [36mDataArray.__array_wrap__[39m[34m(self, obj, context, return_scalar)[39m
[32m   4803[39m [38;5;28;01mdef[39;00m[38;5;250m [39m[34m__array_wrap__[39m([38;5;28mself[39m, obj, context=[38;5;28;01mNone[39;00m, return_scalar=[38;5;28;01mFalse[39;00m) -> Self:
[32m-> [39m[32m4804[39m     new_var = [38;5;28;43mself[39;49m[43m.[49m[43mvariable[49m[43m.[49m[43m__array_wrap__[49m[43m([49m[43mobj[49m[43m,[49m[43m [49m[43mcontext[49m[43m,[49m[43m [49m[43mreturn_scalar[49m[43m)[49m
[32m   4805[39m     [38;5;28;01mreturn[39;00m [38;5;28mself[39m._replace(new_var)

[36mFile [39m[32m~/micromamba/envs/regional-mom6-dev/lib/python3.11/site-packages/xarray/core/variable.py:2340[39m, in [36mVariable.__array_wrap__[39m[34m(self, obj, context, return_scalar)[39m
[32m   2339[39m [38;5;28;01mdef[39;00m[38;5;250m [39m[34m__array_wrap__[39m([38;5;28mself[39m, obj, context=[38;5;28;01mNone[39;00m, return_scalar=[38;5;28;01mFalse[39;00m):
[32m-> [39m[32m2340[39m     [38;5;28;01mreturn[39;00m [43mVariable[49m[43m([49m[38;5;28;43mself[39;49m[43m.[49m[43mdims[49m[43m,[49m[43m [49m[43mobj[49m[43m)[49m

[36mFile [39m[32m~/micromamba/envs/regional-mom6-dev/lib/python3.11/site-packages/xarray/core/variable.py:379[39m, in [36mVariable.__init__[39m[34m(self, dims, data, attrs, encoding, fastpath)[39m
[32m    351[39m [38;5;28;01mdef[39;00m[38;5;250m [39m[34m__init__[39m(
[32m    352[39m     [38;5;28mself[39m,
[32m    353[39m     dims,
[32m   (...)[39m[32m    357[39m     fastpath=[38;5;28;01mFalse[39;00m,
[32m    358[39m ):
[32m    359[39m [38;5;250m    [39m[33;03m"""[39;00m
[32m    360[39m [33;03m    Parameters[39;00m
[32m    361[39m [33;03m    ----------[39;00m
[32m   (...)[39m[32m    377[39m [33;03m        unrecognized encoding items.[39;00m
[32m    378[39m [33;03m    """[39;00m
[32m--> [39m[32m379[39m     [38;5;28;43msuper[39;49m[43m([49m[43m)[49m[43m.[49m[34;43m__init__[39;49m[43m([49m
[32m    380[39m [43m        [49m[43mdims[49m[43m=[49m[43mdims[49m[43m,[49m[43m [49m[43mdata[49m[43m=[49m[43mas_compatible_data[49m[43m([49m[43mdata[49m[43m,[49m[43m [49m[43mfastpath[49m[43m=[49m[43mfastpath[49m[43m)[49m[43m,[49m[43m [49m[43mattrs[49m[43m=[49m[43mattrs[49m
[32m    381[39m [43m    [49m[43m)[49m
[32m    383[39m     [38;5;28mself[39m._encoding = [38;5;28;01mNone[39;00m
[32m    384[39m     [38;5;28;01mif[39;00m encoding [38;5;129;01mis[39;00m [38;5;129;01mnot[39;00m [38;5;28;01mNone[39;00m:

[36mFile [39m[32m~/micromamba/envs/regional-mom6-dev/lib/python3.11/site-packages/xarray/namedarray/core.py:261[39m, in [36mNamedArray.__init__[39m[34m(self, dims, data, attrs)[39m
[32m    254[39m [38;5;28;01mdef[39;00m[38;5;250m [39m[34m__init__[39m(
[32m    255[39m     [38;5;28mself[39m,
[32m    256[39m     dims: _DimsLike,
[32m    257[39m     data: duckarray[Any, _DType_co],
[32m    258[39m     attrs: _AttrsLike = [38;5;28;01mNone[39;00m,
[32m    259[39m ):
[32m    260[39m     [38;5;28mself[39m._data = data
[32m--> [39m[32m261[39m     [38;5;28mself[39m._dims = [38;5;28;43mself[39;49m[43m.[49m[43m_parse_dimensions[49m[43m([49m[43mdims[49m[43m)[49m
[32m    262[39m     [38;5;28mself[39m._attrs = [38;5;28mdict[39m(attrs) [38;5;28;01mif[39;00m attrs [38;5;28;01melse[39;00m [38;5;28;01mNone[39;00m

[36mFile [39m[32m~/micromamba/envs/regional-mom6-dev/lib/python3.11/site-packages/xarray/namedarray/core.py:505[39m, in [36mNamedArray._parse_dimensions[39m[34m(self, dims)[39m
[32m    503[39m dims = (dims,) [38;5;28;01mif[39;00m [38;5;28misinstance[39m(dims, [38;5;28mstr[39m) [38;5;28;01melse[39;00m [38;5;28mtuple[39m(dims)
[32m    504[39m [38;5;28;01mif[39;00m [38;5;28mlen[39m(dims) != [38;5;28mself[39m.ndim:
[32m--> [39m[32m505[39m     [38;5;28;01mraise[39;00m [38;5;167;01mValueError[39;00m(
[32m    506[39m         [33mf[39m[33m"[39m[33mdimensions [39m[38;5;132;01m{[39;00mdims[38;5;132;01m}[39;00m[33m must have the same length as the [39m[33m"[39m
[32m    507[39m         [33mf[39m[33m"[39m[33mnumber of data dimensions, ndim=[39m[38;5;132;01m{[39;00m[38;5;28mself[39m.ndim[38;5;132;01m}[39;00m[33m"[39m
[32m    508[39m     )
[32m    509[39m [38;5;28;01mif[39;00m [38;5;28mlen[39m([38;5;28mset[39m(dims)) < [38;5;28mlen[39m(dims):
[32m    510[39m     repeated_dims = {d [38;5;28;01mfor[39;00m d [38;5;129;01min[39;00m dims [38;5;28;01mif[39;00m dims.count(d) > [32m1[39m}

[31mValueError[39m: dimensions () must have the same length as the number of data dimensions, ndim=1

